1615913723358	geckodriver	INFO	Listening on 127.0.0.1:52446
1615913726405	mozrunner::runner	INFO	Running command: "C:\\Program Files\\Mozilla Firefox\\firefox.exe" "--marionette" "-headless" "-foreground" "-no-remote" "-profile" "C:\\Users\\lenovo\\AppData\\Local\\Temp\\rust_mozprofilekKgOwc"
*** You are running in headless mode.
console.warn: SearchSettings: "get: No settings file exists, new profile?" (new Error("", "(unknown module)"))
1615913731240	Marionette	INFO	Listening on port 52454
1615913731685	Marionette	WARN	TLS certificate errors will be ignored for this session
JavaScript warning: https://assets.adobedtm.com/launch-EN3a880bf974874c108b13018a591fd8bc.min.js, line 6: Failed to create WebGL context: WebGL creation failed: 
* Can't use WebGL in headless mode (https://bugzil.la/1375585).
JavaScript warning: https://assets.adobedtm.com/launch-EN3a880bf974874c108b13018a591fd8bc.min.js, line 6: Failed to create WebGL context: WebGL creation failed: 
* Can't use WebGL in headless mode (https://bugzil.la/1375585).
JavaScript warning: https://www.yesbank.in/clientlibs/7eeb80808no22172ac63c7989ba802d, line 1: Failed to create WebGL context: WebGL creation failed: 
* Can't use WebGL in headless mode (https://bugzil.la/1375585).
JavaScript error: https://www.yesbank.in/cs/YesBank/js/ybil.js, line 219: TypeError: document.getElementById(...) is null
1615913739164	Marionette	INFO	Stopped listening on port 52454
1615913741317	geckodriver	INFO	Listening on 127.0.0.1:52572
1615913744347	mozrunner::runner	INFO	Running command: "C:\\Program Files\\Mozilla Firefox\\firefox.exe" "--marionette" "-headless" "-foreground" "-no-remote" "-profile" "C:\\Users\\lenovo\\AppData\\Local\\Temp\\rust_mozprofilerSWHHG"
*** You are running in headless mode.
console.warn: SearchSettings: "get: No settings file exists, new profile?" (new Error("", "(unknown module)"))
1615913748979	Marionette	INFO	Listening on port 52580
1615913749149	Marionette	WARN	TLS certificate errors will be ignored for this session
JavaScript warning: https://assets.adobedtm.com/launch-EN3a880bf974874c108b13018a591fd8bc.min.js, line 6: Failed to create WebGL context: WebGL creation failed: 
* Can't use WebGL in headless mode (https://bugzil.la/1375585).
JavaScript warning: https://assets.adobedtm.com/launch-EN3a880bf974874c108b13018a591fd8bc.min.js, line 6: Failed to create WebGL context: WebGL creation failed: 
* Can't use WebGL in headless mode (https://bugzil.la/1375585).
JavaScript warning: https://www.yesbank.in/clientlibs/7eeb80808no22172ac63c7989ba802d, line 1: Failed to create WebGL context: WebGL creation failed: 
* Can't use WebGL in headless mode (https://bugzil.la/1375585).
JavaScript error: https://www.yesbank.in/cs/YesBank/js/ybil.js, line 219: TypeError: document.getElementById(...) is null
1615913755664	Marionette	INFO	Stopped listening on port 52580
1615913757769	geckodriver	INFO	Listening on 127.0.0.1:52695
1615913760819	mozrunner::runner	INFO	Running command: "C:\\Program Files\\Mozilla Firefox\\firefox.exe" "--marionette" "-headless" "-foreground" "-no-remote" "-profile" "C:\\Users\\lenovo\\AppData\\Local\\Temp\\rust_mozprofileDtLK8L"
*** You are running in headless mode.
console.warn: SearchSettings: "get: No settings file exists, new profile?" (new Error("", "(unknown module)"))
1615913766546	Marionette	INFO	Listening on port 52703
1615913766637	Marionette	WARN	TLS certificate errors will be ignored for this session
JavaScript warning: https://assets.adobedtm.com/launch-EN3a880bf974874c108b13018a591fd8bc.min.js, line 6: Failed to create WebGL context: WebGL creation failed: 
* Can't use WebGL in headless mode (https://bugzil.la/1375585).
JavaScript warning: https://assets.adobedtm.com/launch-EN3a880bf974874c108b13018a591fd8bc.min.js, line 6: Failed to create WebGL context: WebGL creation failed: 
* Can't use WebGL in headless mode (https://bugzil.la/1375585).
JavaScript warning: https://www.yesbank.in/clientlibs/7eeb80808no22172ac63c7989ba802d, line 1: Failed to create WebGL context: WebGL creation failed: 
* Can't use WebGL in headless mode (https://bugzil.la/1375585).
JavaScript error: https://www.yesbank.in/cs/YesBank/js/ybil.js, line 219: TypeError: document.getElementById(...) is null
1615913773179	Marionette	INFO	Stopped listening on port 52703
1615913775726	geckodriver	INFO	Listening on 127.0.0.1:52826
1615913778775	mozrunner::runner	INFO	Running command: "C:\\Program Files\\Mozilla Firefox\\firefox.exe" "--marionette" "-headless" "-foreground" "-no-remote" "-profile" "C:\\Users\\lenovo\\AppData\\Local\\Temp\\rust_mozprofileajqKQ1"
*** You are running in headless mode.
console.warn: SearchSettings: "get: No settings file exists, new profile?" (new Error("", "(unknown module)"))
1615913783332	Marionette	INFO	Listening on port 52834
1615913783569	Marionette	WARN	TLS certificate errors will be ignored for this session
JavaScript warning: https://assets.adobedtm.com/launch-EN3a880bf974874c108b13018a591fd8bc.min.js, line 6: Failed to create WebGL context: WebGL creation failed: 
* Can't use WebGL in headless mode (https://bugzil.la/1375585).
JavaScript warning: https://assets.adobedtm.com/launch-EN3a880bf974874c108b13018a591fd8bc.min.js, line 6: Failed to create WebGL context: WebGL creation failed: 
* Can't use WebGL in headless mode (https://bugzil.la/1375585).
JavaScript warning: https://www.yesbank.in/clientlibs/7eeb80808no22172ac63c7989ba802d, line 1: Failed to create WebGL context: WebGL creation failed: 
* Can't use WebGL in headless mode (https://bugzil.la/1375585).
JavaScript error: https://www.yesbank.in/cs/YesBank/js/ybil.js, line 219: TypeError: document.getElementById(...) is null
1615913791645	Marionette	INFO	Stopped listening on port 52834
1615913793836	geckodriver	INFO	Listening on 127.0.0.1:52950
1615913796884	mozrunner::runner	INFO	Running command: "C:\\Program Files\\Mozilla Firefox\\firefox.exe" "--marionette" "-headless" "-foreground" "-no-remote" "-profile" "C:\\Users\\lenovo\\AppData\\Local\\Temp\\rust_mozprofileMBYrIF"
*** You are running in headless mode.
console.warn: SearchSettings: "get: No settings file exists, new profile?" (new Error("", "(unknown module)"))
1615913801516	Marionette	INFO	Listening on port 52959
1615913801678	Marionette	WARN	TLS certificate errors will be ignored for this session
JavaScript warning: https://assets.adobedtm.com/launch-EN3a880bf974874c108b13018a591fd8bc.min.js, line 6: Failed to create WebGL context: WebGL creation failed: 
* Can't use WebGL in headless mode (https://bugzil.la/1375585).
JavaScript warning: https://assets.adobedtm.com/launch-EN3a880bf974874c108b13018a591fd8bc.min.js, line 6: Failed to create WebGL context: WebGL creation failed: 
* Can't use WebGL in headless mode (https://bugzil.la/1375585).
JavaScript warning: https://www.yesbank.in/clientlibs/7eeb80808no22172ac63c7989ba802d, line 1: Failed to create WebGL context: WebGL creation failed: 
* Can't use WebGL in headless mode (https://bugzil.la/1375585).
JavaScript error: https://www.yesbank.in/cs/YesBank/js/ybil.js, line 219: TypeError: document.getElementById(...) is null
1615913808270	Marionette	INFO	Stopped listening on port 52959

###!!! [Child][MessageChannel] Error: (msgtype=0x6B0027,name=PNecko::Msg_RemoveRequestContext) Channel closing: too late to send/recv, messages will be lost

1615913810373	geckodriver	INFO	Listening on 127.0.0.1:53074
1615913813413	mozrunner::runner	INFO	Running command: "C:\\Program Files\\Mozilla Firefox\\firefox.exe" "--marionette" "-headless" "-foreground" "-no-remote" "-profile" "C:\\Users\\lenovo\\AppData\\Local\\Temp\\rust_mozprofileznejHA"
*** You are running in headless mode.
console.warn: SearchSettings: "get: No settings file exists, new profile?" (new Error("", "(unknown module)"))
1615913818217	Marionette	INFO	Listening on port 53082
1615913818708	Marionette	WARN	TLS certificate errors will be ignored for this session
JavaScript warning: https://assets.adobedtm.com/launch-EN3a880bf974874c108b13018a591fd8bc.min.js, line 6: Failed to create WebGL context: WebGL creation failed: 
* Can't use WebGL in headless mode (https://bugzil.la/1375585).
JavaScript warning: https://assets.adobedtm.com/launch-EN3a880bf974874c108b13018a591fd8bc.min.js, line 6: Failed to create WebGL context: WebGL creation failed: 
* Can't use WebGL in headless mode (https://bugzil.la/1375585).
JavaScript warning: https://www.yesbank.in/clientlibs/7eeb80808no22172ac63c7989ba802d, line 1: Failed to create WebGL context: WebGL creation failed: 
* Can't use WebGL in headless mode (https://bugzil.la/1375585).
JavaScript error: https://www.yesbank.in/cs/YesBank/js/ybil.js, line 219: TypeError: document.getElementById(...) is null
1615913826165	Marionette	INFO	Stopped listening on port 53082
1615913828304	geckodriver	INFO	Listening on 127.0.0.1:53196
1615913831337	mozrunner::runner	INFO	Running command: "C:\\Program Files\\Mozilla Firefox\\firefox.exe" "--marionette" "-headless" "-foreground" "-no-remote" "-profile" "C:\\Users\\lenovo\\AppData\\Local\\Temp\\rust_mozprofileH5RnCE"
*** You are running in headless mode.
console.warn: SearchSettings: "get: No settings file exists, new profile?" (new Error("", "(unknown module)"))
1615913836290	Marionette	INFO	Listening on port 53204
1615913836609	Marionette	WARN	TLS certificate errors will be ignored for this session
JavaScript warning: https://assets.adobedtm.com/launch-EN3a880bf974874c108b13018a591fd8bc.min.js, line 6: Failed to create WebGL context: WebGL creation failed: 
* Can't use WebGL in headless mode (https://bugzil.la/1375585).
JavaScript warning: https://assets.adobedtm.com/launch-EN3a880bf974874c108b13018a591fd8bc.min.js, line 6: Failed to create WebGL context: WebGL creation failed: 
* Can't use WebGL in headless mode (https://bugzil.la/1375585).
JavaScript warning: https://www.yesbank.in/clientlibs/7eeb80808no22172ac63c7989ba802d, line 1: Failed to create WebGL context: WebGL creation failed: 
* Can't use WebGL in headless mode (https://bugzil.la/1375585).
JavaScript error: https://www.yesbank.in/cs/YesBank/js/ybil.js, line 219: TypeError: document.getElementById(...) is null
1615913843101	Marionette	INFO	Stopped listening on port 53204
1615913845296	geckodriver	INFO	Listening on 127.0.0.1:53322
1615913848349	mozrunner::runner	INFO	Running command: "C:\\Program Files\\Mozilla Firefox\\firefox.exe" "--marionette" "-headless" "-foreground" "-no-remote" "-profile" "C:\\Users\\lenovo\\AppData\\Local\\Temp\\rust_mozprofiler8IrGY"
*** You are running in headless mode.
console.warn: SearchSettings: "get: No settings file exists, new profile?" (new Error("", "(unknown module)"))
1615913853034	Marionette	INFO	Listening on port 53330
1615913853145	Marionette	WARN	TLS certificate errors will be ignored for this session
JavaScript warning: https://assets.adobedtm.com/launch-EN3a880bf974874c108b13018a591fd8bc.min.js, line 6: Failed to create WebGL context: WebGL creation failed: 
* Can't use WebGL in headless mode (https://bugzil.la/1375585).
JavaScript warning: https://assets.adobedtm.com/launch-EN3a880bf974874c108b13018a591fd8bc.min.js, line 6: Failed to create WebGL context: WebGL creation failed: 
* Can't use WebGL in headless mode (https://bugzil.la/1375585).
JavaScript warning: https://www.yesbank.in/clientlibs/7eeb80808no22172ac63c7989ba802d, line 1: Failed to create WebGL context: WebGL creation failed: 
* Can't use WebGL in headless mode (https://bugzil.la/1375585).
JavaScript error: https://www.yesbank.in/cs/YesBank/js/ybil.js, line 219: TypeError: document.getElementById(...) is null
1615913859921	Marionette	INFO	Stopped listening on port 53330
1615913862131	geckodriver	INFO	Listening on 127.0.0.1:53439
1615913865177	mozrunner::runner	INFO	Running command: "C:\\Program Files\\Mozilla Firefox\\firefox.exe" "--marionette" "-headless" "-foreground" "-no-remote" "-profile" "C:\\Users\\lenovo\\AppData\\Local\\Temp\\rust_mozprofileUjuYy8"
*** You are running in headless mode.
console.warn: SearchSettings: "get: No settings file exists, new profile?" (new Error("", "(unknown module)"))
1615913870165	Marionette	INFO	Listening on port 53447
1615913870456	Marionette	WARN	TLS certificate errors will be ignored for this session
JavaScript warning: https://assets.adobedtm.com/launch-EN3a880bf974874c108b13018a591fd8bc.min.js, line 6: Failed to create WebGL context: WebGL creation failed: 
* Can't use WebGL in headless mode (https://bugzil.la/1375585).
JavaScript warning: https://assets.adobedtm.com/launch-EN3a880bf974874c108b13018a591fd8bc.min.js, line 6: Failed to create WebGL context: WebGL creation failed: 
* Can't use WebGL in headless mode (https://bugzil.la/1375585).
JavaScript warning: https://www.yesbank.in/clientlibs/7eeb80808no22172ac63c7989ba802d, line 1: Failed to create WebGL context: WebGL creation failed: 
* Can't use WebGL in headless mode (https://bugzil.la/1375585).
JavaScript error: https://www.yesbank.in/cs/YesBank/js/ybil.js, line 219: TypeError: document.getElementById(...) is null
1615913877199	Marionette	INFO	Stopped listening on port 53447
1615913879336	geckodriver	INFO	Listening on 127.0.0.1:53568
1615913882387	mozrunner::runner	INFO	Running command: "C:\\Program Files\\Mozilla Firefox\\firefox.exe" "--marionette" "-headless" "-foreground" "-no-remote" "-profile" "C:\\Users\\lenovo\\AppData\\Local\\Temp\\rust_mozprofileOdOMXT"
*** You are running in headless mode.
console.warn: SearchSettings: "get: No settings file exists, new profile?" (new Error("", "(unknown module)"))
1615913887407	Marionette	INFO	Listening on port 53576
1615913887671	Marionette	WARN	TLS certificate errors will be ignored for this session
JavaScript error: , line 0: NS_ERROR_NOT_AVAILABLE
Exiting due to channel error.
Exiting due to channel error.
Exiting due to channel error.
efox\\firefox.exe" "--marionette" "-headless" "-foreground" "-no-remote" "-profile" "C:\\Users\\lenovo\\AppData\\Local\\Temp\\rust_mozprofileD9C5dR"
*** You are running in headless mode.
console.warn: SearchSettings: "get: No settings file exists, new profile?" (new Error("", "(unknown module)"))
1615914146038	Marionette	INFO	Listening on port 53754
1615914146523	Marionette	WARN	TLS certificate errors will be ignored for this session
JavaScript warning: https://assets.adobedtm.com/launch-EN3a880bf974874c108b13018a591fd8bc.min.js, line 6: Failed to create WebGL context: WebGL creation failed: 
* Can't use WebGL in headless mode (https://bugzil.la/1375585).
JavaScript warning: https://assets.adobedtm.com/launch-EN3a880bf974874c108b13018a591fd8bc.min.js, line 6: Failed to create WebGL context: WebGL creation failed: 
* Can't use WebGL in headless mode (https://bugzil.la/1375585).
JavaScript warning: https://www.yesbank.in/clientlibs/7eeb80808no22172ac63c7989ba802d, line 1: Failed to create WebGL context: WebGL creation failed: 
* Can't use WebGL in headless mode (https://bugzil.la/1375585).
JavaScript error: https://www.yesbank.in/cs/YesBank/js/ybil.js, line 219: TypeError: document.getElementById(...) is null
1615914155451	Marionette	INFO	Stopped listening on port 53754
1615914157467	geckodriver	INFO	Listening on 127.0.0.1:53874
1615914160505	mozrunner::runner	INFO	Running command: "C:\\Program Files\\Mozilla Firefox\\firefox.exe" "--marionette" "-headless" "-foreground" "-no-remote" "-profile" "C:\\Users\\lenovo\\AppData\\Local\\Temp\\rust_mozprofilewycVDI"
*** You are running in headless mode.
console.warn: SearchSettings: "get: No settings file exists, new profile?" (new Error("", "(unknown module)"))
1615914164710	Marionette	INFO	Listening on port 53882
1615914164875	Marionette	WARN	TLS certificate errors will be ignored for this session
JavaScript warning: https://assets.adobedtm.com/launch-EN3a880bf974874c108b13018a591fd8bc.min.js, line 6: Failed to create WebGL context: WebGL creation failed: 
* Can't use WebGL in headless mode (https://bugzil.la/1375585).
JavaScript warning: https://assets.adobedtm.com/launch-EN3a880bf974874c108b13018a591fd8bc.min.js, line 6: Failed to create WebGL context: WebGL creation failed: 
* Can't use WebGL in headless mode (https://bugzil.la/1375585).
JavaScript warning: https://www.yesbank.in/clientlibs/7eeb80808no22172ac63c7989ba802d, line 1: Failed to create WebGL context: WebGL creation failed: 
* Can't use WebGL in headless mode (https://bugzil.la/1375585).
JavaScript error: https://www.yesbank.in/cs/YesBank/js/ybil.js, line 219: TypeError: document.getElementById(...) is null
1615914171067	Marionette	INFO	Stopped listening on port 53882
1615914173065	geckodriver	INFO	Listening on 127.0.0.1:54003
1615914176095	mozrunner::runner	INFO	Running command: "C:\\Program Files\\Mozilla Firefox\\firefox.exe" "--marionette" "-headless" "-foreground" "-no-remote" "-profile" "C:\\Users\\lenovo\\AppData\\Local\\Temp\\rust_mozprofilemn0mjQ"
*** You are running in headless mode.
console.warn: SearchSettings: "get: No settings file exists, new profile?" (new Error("", "(unknown module)"))
1615914180473	Marionette	INFO	Listening on port 54011
1615914181259	Marionette	WARN	TLS certificate errors will be ignored for this session
JavaScript warning: https://assets.adobedtm.com/launch-EN3a880bf974874c108b13018a591fd8bc.min.js, line 6: Failed to create WebGL context: WebGL creation failed: 
* Can't use WebGL in headless mode (https://bugzil.la/1375585).
JavaScript warning: https://assets.adobedtm.com/launch-EN3a880bf974874c108b13018a591fd8bc.min.js, line 6: Failed to create WebGL context: WebGL creation failed: 
* Can't use WebGL in headless mode (https://bugzil.la/1375585).
JavaScript warning: https://www.yesbank.in/clientlibs/7eeb80808no22172ac63c7989ba802d, line 1: Failed to create WebGL context: WebGL creation failed: 
* Can't use WebGL in headless mode (https://bugzil.la/1375585).
JavaScript error: https://www.yesbank.in/cs/YesBank/js/ybil.js, line 219: TypeError: document.getElementById(...) is null
1615914189068	Marionette	INFO	Stopped listening on port 54011
1615914191301	geckodriver	INFO	Listening on 127.0.0.1:54132
1615914194500	mozrunner::runner	INFO	Running command: "C:\\Program Files\\Mozilla Firefox\\firefox.exe" "--marionette" "-headless" "-foreground" "-no-remote" "-profile" "C:\\Users\\lenovo\\AppData\\Local\\Temp\\rust_mozprofilecteVI6"
*** You are running in headless mode.
console.warn: SearchSettings: "get: No settings file exists, new profile?" (new Error("", "(unknown module)"))
1615914200924	Marionette	INFO	Listening on port 54140
1615914201275	Marionette	WARN	TLS certificate errors will be ignored for this session
JavaScript warning: https://assets.adobedtm.com/launch-EN3a880bf974874c108b13018a591fd8bc.min.js, line 6: Failed to create WebGL context: WebGL creation failed: 
* Can't use WebGL in headless mode (https://bugzil.la/1375585).
JavaScript warning: https://assets.adobedtm.com/launch-EN3a880bf974874c108b13018a591fd8bc.min.js, line 6: Failed to create WebGL context: WebGL creation failed: 
* Can't use WebGL in headless mode (https://bugzil.la/1375585).
JavaScript warning: https://www.yesbank.in/clientlibs/7eeb80808no22172ac63c7989ba802d, line 1: Failed to create WebGL context: WebGL creation failed: 
* Can't use WebGL in headless mode (https://bugzil.la/1375585).
JavaScript error: https://www.yesbank.in/cs/YesBank/js/ybil.js, line 219: TypeError: document.getElementById(...) is null
1615914208569	Marionette	INFO	Stopped listening on port 54140
1615914211729	geckodriver	INFO	Listening on 127.0.0.1:54254
1615914214773	mozrunner::runner	INFO	Running command: "C:\\Program Files\\Mozilla Firefox\\firefox.exe" "--marionette" "-headless" "-foreground" "-no-remote" "-profile" "C:\\Users\\lenovo\\AppData\\Local\\Temp\\rust_mozprofilewmuaBB"
*** You are running in headless mode.
console.warn: SearchSettings: "get: No settings file exists, new profile?" (new Error("", "(unknown module)"))
1615914219165	Marionette	INFO	Listening on port 54262
1615914219620	Marionette	WARN	TLS certificate errors will be ignored for this session
JavaScript warning: https://assets.adobedtm.com/launch-EN3a880bf974874c108b13018a591fd8bc.min.js, line 6: Failed to create WebGL context: WebGL creation failed: 
* Can't use WebGL in headless mode (https://bugzil.la/1375585).
JavaScript warning: https://assets.adobedtm.com/launch-EN3a880bf974874c108b13018a591fd8bc.min.js, line 6: Failed to create WebGL context: WebGL creation failed: 
* Can't use WebGL in headless mode (https://bugzil.la/1375585).
JavaScript warning: https://www.yesbank.in/clientlibs/7eeb80808no22172ac63c7989ba802d, line 1: Failed to create WebGL context: WebGL creation failed: 
* Can't use WebGL in headless mode (https://bugzil.la/1375585).
JavaScript error: https://www.yesbank.in/cs/YesBank/js/ybil.js, line 219: TypeError: document.getElementById(...) is null
1615914225974	Marionette	INFO	Stopped listening on port 54262
1615914227784	geckodriver	INFO	Listening on 127.0.0.1:54371
1615914230837	mozrunner::runner	INFO	Running command: "C:\\Program Files\\Mozilla Firefox\\firefox.exe" "--marionette" "-headless" "-foreground" "-no-remote" "-profile" "C:\\Users\\lenovo\\AppData\\Local\\Temp\\rust_mozprofilecJE2kC"
*** You are running in headless mode.
console.warn: SearchSettings: "get: No settings file exists, new profile?" (new Error("", "(unknown module)"))
1615914235172	Marionette	INFO	Listening on port 54379
1615914235662	Marionette	WARN	TLS certificate errors will be ignored for this session
JavaScript warning: https://assets.adobedtm.com/launch-EN3a880bf974874c108b13018a591fd8bc.min.js, line 6: Failed to create WebGL context: WebGL creation failed: 
* Can't use WebGL in headless mode (https://bugzil.la/1375585).
JavaScript warning: https://assets.adobedtm.com/launch-EN3a880bf974874c108b13018a591fd8bc.min.js, line 6: Failed to create WebGL context: WebGL creation failed: 
* Can't use WebGL in headless mode (https://bugzil.la/1375585).
JavaScript warning: https://www.yesbank.in/clientlibs/7eeb80808no22172ac63c7989ba802d, line 1: Failed to create WebGL context: WebGL creation failed: 
* Can't use WebGL in headless mode (https://bugzil.la/1375585).
JavaScript error: https://www.yesbank.in/cs/YesBank/js/ybil.js, line 219: TypeError: document.getElementById(...) is null
1615914241697	Marionette	INFO	Stopped listening on port 54379
1615914243744	geckodriver	INFO	Listening on 127.0.0.1:54494
1615914246777	mozrunner::runner	INFO	Running command: "C:\\Program Files\\Mozilla Firefox\\firefox.exe" "--marionette" "-headless" "-foreground" "-no-remote" "-profile" "C:\\Users\\lenovo\\AppData\\Local\\Temp\\rust_mozprofileDrUWKT"
*** You are running in headless mode.
console.warn: SearchSettings: "get: No settings file exists, new profile?" (new Error("", "(unknown module)"))
1615914254613	Marionette	INFO	Listening on port 54502
1615914254727	Marionette	WARN	TLS certificate errors will be ignored for this session
JavaScript warning: https://assets.adobedtm.com/launch-EN3a880bf974874c108b13018a591fd8bc.min.js, line 6: Failed to create WebGL context: WebGL creation failed: 
* Can't use WebGL in headless mode (https://bugzil.la/1375585).
JavaScript warning: https://assets.adobedtm.com/launch-EN3a880bf974874c108b13018a591fd8bc.min.js, line 6: Failed to create WebGL context: WebGL creation failed: 
* Can't use WebGL in headless mode (https://bugzil.la/1375585).
JavaScript warning: https://www.yesbank.in/clientlibs/7eeb80808no22172ac63c7989ba802d, line 1: Failed to create WebGL context: WebGL creation failed: 
* Can't use WebGL in headless mode (https://bugzil.la/1375585).
JavaScript error: https://www.yesbank.in/cs/YesBank/js/ybil.js, line 219: TypeError: document.getElementById(...) is null
1615914272647	Marionette	INFO	Stopped listening on port 54502
1615914277725	geckodriver	INFO	Listening on 127.0.0.1:54662
1615914280763	mozrunner::runner	INFO	Running command: "C:\\Program Files\\Mozilla Firefox\\firefox.exe" "--marionette" "-headless" "-foreground" "-no-remote" "-profile" "C:\\Users\\lenovo\\AppData\\Local\\Temp\\rust_mozprofile3mSwXr"
*** You are running in headless mode.
console.warn: SearchSettings: "get: No settings file exists, new profile?" (new Error("", "(unknown module)"))
1615914286224	Marionette	INFO	Listening on port 54673
1615914286573	Marionette	WARN	TLS certificate errors will be ignored for this session
JavaScript warning: https://assets.adobedtm.com/launch-EN3a880bf974874c108b13018a591fd8bc.min.js, line 6: Failed to create WebGL context: WebGL creation failed: 
* Can't use WebGL in headless mode (https://bugzil.la/1375585).
JavaScript warning: https://assets.adobedtm.com/launch-EN3a880bf974874c108b13018a591fd8bc.min.js, line 6: Failed to create WebGL context: WebGL creation failed: 
* Can't use WebGL in headless mode (https://bugzil.la/1375585).
JavaScript warning: https://www.yesbank.in/clientlibs/7eeb80808no22172ac63c7989ba802d, line 1: Failed to create WebGL context: WebGL creation failed: 
* Can't use WebGL in headless mode (https://bugzil.la/1375585).
JavaScript error: https://www.yesbank.in/cs/YesBank/js/ybil.js, line 219: TypeError: document.getElementById(...) is null
1615914293142	Marionette	INFO	Stopped listening on port 54673
1615914295189	geckodriver	INFO	Listening on 127.0.0.1:54784
1615914298724	mozrunner::runner	INFO	Running command: "C:\\Program Files\\Mozilla Firefox\\firefox.exe" "--marionette" "-headless" "-foreground" "-no-remote" "-profile" "C:\\Users\\lenovo\\AppData\\Local\\Temp\\rust_mozprofilet8ObtB"
*** You are running in headless mode.
console.warn: SearchSettings: "get: No settings file exists, new profile?" (new Error("", "(unknown module)"))
1615914303552	Marionette	INFO	Listening on port 54792
1615914304105	Marionette	WARN	TLS certificate errors will be ignored for this session
JavaScript warning: https://assets.adobedtm.com/launch-EN3a880bf974874c108b13018a591fd8bc.min.js, line 6: Failed to create WebGL context: WebGL creation failed: 
* Can't use WebGL in headless mode (https://bugzil.la/1375585).
JavaScript warning: https://assets.adobedtm.com/launch-EN3a880bf974874c108b13018a591fd8bc.min.js, line 6: Failed to create WebGL context: WebGL creation failed: 
* Can't use WebGL in headless mode (https://bugzil.la/1375585).
JavaScript warning: https://www.yesbank.in/clientlibs/7eeb80808no22172ac63c7989ba802d, line 1: Failed to create WebGL context: WebGL creation failed: 
* Can't use WebGL in headless mode (https://bugzil.la/1375585).
JavaScript error: https://www.yesbank.in/cs/YesBank/js/ybil.js, line 219: TypeError: document.getElementById(...) is null
1615914311055	Marionette	INFO	Stopped listening on port 54792
1615914312956	geckodriver	INFO	Listening on 127.0.0.1:54911
1615914316000	mozrunner::runner	INFO	Running command: "C:\\Program Files\\Mozilla Firefox\\firefox.exe" "--marionette" "-headless" "-foreground" "-no-remote" "-profile" "C:\\Users\\lenovo\\AppData\\Local\\Temp\\rust_mozprofileix9Oja"
*** You are running in headless mode.
console.warn: SearchSettings: "get: No settings file exists, new profile?" (new Error("", "(unknown module)"))
1615914320149	Marionette	INFO	Listening on port 54919
1615914320227	Marionette	WARN	TLS certificate errors will be ignored for this session
JavaScript warning: https://assets.adobedtm.com/launch-EN3a880bf974874c108b13018a591fd8bc.min.js, line 6: Failed to create WebGL context: WebGL creation failed: 
* Can't use WebGL in headless mode (https://bugzil.la/1375585).
JavaScript warning: https://assets.adobedtm.com/launch-EN3a880bf974874c108b13018a591fd8bc.min.js, line 6: Failed to create WebGL context: WebGL creation failed: 
* Can't use WebGL in headless mode (https://bugzil.la/1375585).
JavaScript warning: https://www.yesbank.in/clientlibs/7eeb80808no22172ac63c7989ba802d, line 1: Failed to create WebGL context: WebGL creation failed: 
* Can't use WebGL in headless mode (https://bugzil.la/1375585).
JavaScript error: https://www.yesbank.in/cs/YesBank/js/ybil.js, line 219: TypeError: document.getElementById(...) is null
1615914326085	Marionette	INFO	Stopped listening on port 54919
1615914358101	geckodriver	INFO	Listening on 127.0.0.1:55038
1615914361136	mozrunner::runner	INFO	Running command: "C:\\Program Files\\Mozilla Firefox\\firefox.exe" "--marionette" "-headless" "-foreground" "-no-remote" "-profile" "C:\\Users\\lenovo\\AppData\\Local\\Temp\\rust_mozprofilezezyKU"
*** You are running in headless mode.
console.warn: SearchSettings: "get: No settings file exists, new profile?" (new Error("", "(unknown module)"))
1615914365866	Marionette	INFO	Listening on port 55046
1615914366419	Marionette	WARN	TLS certificate errors will be ignored for this session
JavaScript warning: https://assets.adobedtm.com/launch-EN3a880bf974874c108b13018a591fd8bc.min.js, line 6: Failed to create WebGL context: WebGL creation failed: 
* Can't use WebGL in headless mode (https://bugzil.la/1375585).
JavaScript warning: https://assets.adobedtm.com/launch-EN3a880bf974874c108b13018a591fd8bc.min.js, line 6: Failed to create WebGL context: WebGL creation failed: 
* Can't use WebGL in headless mode (https://bugzil.la/1375585).
JavaScript warning: https://www.yesbank.in/clientlibs/7eeb80808no22172ac63c7989ba802d, line 1: Failed to create WebGL context: WebGL creation failed: 
* Can't use WebGL in headless mode (https://bugzil.la/1375585).
JavaScript error: https://www.yesbank.in/cs/YesBank/js/ybil.js, line 219: TypeError: document.getElementById(...) is null
1615914373609	Marionette	INFO	Stopped listening on port 55046
1615914376192	geckodriver	INFO	Listening on 127.0.0.1:55164
1615914379223	mozrunner::runner	INFO	Running command: "C:\\Program Files\\Mozilla Firefox\\firefox.exe" "--marionette" "-headless" "-foreground" "-no-remote" "-profile" "C:\\Users\\lenovo\\AppData\\Local\\Temp\\rust_mozprofile8T4fAj"
*** You are running in headless mode.
console.warn: SearchSettings: "get: No settings file exists, new profile?" (new Error("", "(unknown module)"))
1615914385095	Marionette	INFO	Listening on port 55172
1615914385512	Marionette	WARN	TLS certificate errors will be ignored for this session
JavaScript warning: https://assets.adobedtm.com/launch-EN3a880bf974874c108b13018a591fd8bc.min.js, line 6: Failed to create WebGL context: WebGL creation failed: 
* Can't use WebGL in headless mode (https://bugzil.la/1375585).
JavaScript warning: https://assets.adobedtm.com/launch-EN3a880bf974874c108b13018a591fd8bc.min.js, line 6: Failed to create WebGL context: WebGL creation failed: 
* Can't use WebGL in headless mode (https://bugzil.la/1375585).
JavaScript warning: https://www.yesbank.in/clientlibs/7eeb80808no22172ac63c7989ba802d, line 1: Failed to create WebGL context: WebGL creation failed: 
* Can't use WebGL in headless mode (https://bugzil.la/1375585).
JavaScript error: https://www.yesbank.in/cs/YesBank/js/ybil.js, line 219: TypeError: document.getElementById(...) is null
1615914392510	Marionette	INFO	Stopped listening on port 55172
1615914394809	geckodriver	INFO	Listening on 127.0.0.1:55289
1615914397847	mozrunner::runner	INFO	Running command: "C:\\Program Files\\Mozilla Firefox\\firefox.exe" "--marionette" "-headless" "-foreground" "-no-remote" "-profile" "C:\\Users\\lenovo\\AppData\\Local\\Temp\\rust_mozprofilecuXo4N"
*** You are running in headless mode.
console.warn: SearchSettings: "get: No settings file exists, new profile?" (new Error("", "(unknown module)"))
1615914402474	Marionette	INFO	Listening on port 55297
1615914402649	Marionette	WARN	TLS certificate errors will be ignored for this session
JavaScript warning: https://assets.adobedtm.com/launch-EN3a880bf974874c108b13018a591fd8bc.min.js, line 6: Failed to create WebGL context: WebGL creation failed: 
* Can't use WebGL in headless mode (https://bugzil.la/1375585).
JavaScript warning: https://assets.adobedtm.com/launch-EN3a880bf974874c108b13018a591fd8bc.min.js, line 6: Failed to create WebGL context: WebGL creation failed: 
* Can't use WebGL in headless mode (https://bugzil.la/1375585).
JavaScript warning: https://www.yesbank.in/clientlibs/7eeb80808no22172ac63c7989ba802d, line 1: Failed to create WebGL context: WebGL creation failed: 
* Can't use WebGL in headless mode (https://bugzil.la/1375585).
JavaScript error: https://www.yesbank.in/cs/YesBank/js/ybil.js, line 219: TypeError: document.getElementById(...) is null
1615914409642	Marionette	INFO	Stopped listening on port 55297
1615914411854	geckodriver	INFO	Listening on 127.0.0.1:55415
1615914414913	mozrunner::runner	INFO	Running command: "C:\\Program Files\\Mozilla Firefox\\firefox.exe" "--marionette" "-headless" "-foreground" "-no-remote" "-profile" "C:\\Users\\lenovo\\AppData\\Local\\Temp\\rust_mozprofileCsTgir"
*** You are running in headless mode.
console.warn: SearchSettings: "get: No settings file exists, new profile?" (new Error("", "(unknown module)"))
1615914419557	Marionette	INFO	Listening on port 55423
1615914419747	Marionette	WARN	TLS certificate errors will be ignored for this session
JavaScript warning: https://assets.adobedtm.com/launch-EN3a880bf974874c108b13018a591fd8bc.min.js, line 6: Failed to create WebGL context: WebGL creation failed: 
* Can't use WebGL in headless mode (https://bugzil.la/1375585).
JavaScript warning: https://assets.adobedtm.com/launch-EN3a880bf974874c108b13018a591fd8bc.min.js, line 6: Failed to create WebGL context: WebGL creation failed: 
* Can't use WebGL in headless mode (https://bugzil.la/1375585).
JavaScript warning: https://www.yesbank.in/clientlibs/7eeb80808no22172ac63c7989ba802d, line 1: Failed to create WebGL context: WebGL creation failed: 
* Can't use WebGL in headless mode (https://bugzil.la/1375585).
JavaScript error: https://www.yesbank.in/cs/YesBank/js/ybil.js, line 219: TypeError: document.getElementById(...) is null
1615914426734	Marionette	INFO	Stopped listening on port 55423
1615914428916	geckodriver	INFO	Listening on 127.0.0.1:55534
1615914431971	mozrunner::runner	INFO	Running command: "C:\\Program Files\\Mozilla Firefox\\firefox.exe" "--marionette" "-headless" "-foreground" "-no-remote" "-profile" "C:\\Users\\lenovo\\AppData\\Local\\Temp\\rust_mozprofilegbltDM"
*** You are running in headless mode.
console.warn: SearchSettings: "get: No settings file exists, new profile?" (new Error("", "(unknown module)"))
1615914436489	Marionette	INFO	Listening on port 55542
1615914436793	Marionette	WARN	TLS certificate errors will be ignored for this session
[Parent 13084, IPC I/O Parent] WARNING: file /builds/worker/checkouts/gecko/ipc/chromium/src/base/process_util_win.cc:167
JavaScript warning: https://assets.adobedtm.com/launch-EN3a880bf974874c108b13018a591fd8bc.min.js, line 6: Failed to create WebGL context: WebGL creation failed: 
* Can't use WebGL in headless mode (https://bugzil.la/1375585).
JavaScript warning: https://assets.adobedtm.com/launch-EN3a880bf974874c108b13018a591fd8bc.min.js, line 6: Failed to create WebGL context: WebGL creation failed: 
* Can't use WebGL in headless mode (https://bugzil.la/1375585).
JavaScript warning: https://www.yesbank.in/clientlibs/7eeb80808no22172ac63c7989ba802d, line 1: Failed to create WebGL context: WebGL creation failed: 
* Can't use WebGL in headless mode (https://bugzil.la/1375585).
JavaScript error: https://www.yesbank.in/cs/YesBank/js/ybil.js, line 219: TypeError: document.getElementById(...) is null
1615914443535	Marionette	INFO	Stopped listening on port 55542
1615914445606	geckodriver	INFO	Listening on 127.0.0.1:55651
1615914448640	mozrunner::runner	INFO	Running command: "C:\\Program Files\\Mozilla Firefox\\firefox.exe" "--marionette" "-headless" "-foreground" "-no-remote" "-profile" "C:\\Users\\lenovo\\AppData\\Local\\Temp\\rust_mozprofiledXvTXG"
*** You are running in headless mode.
console.warn: SearchSettings: "get: No settings file exists, new profile?" (new Error("", "(unknown module)"))
1615914453489	Marionette	INFO	Listening on port 55659
1615914453916	Marionette	WARN	TLS certificate errors will be ignored for this session
JavaScript warning: https://assets.adobedtm.com/launch-EN3a880bf974874c108b13018a591fd8bc.min.js, line 6: Failed to create WebGL context: WebGL creation failed: 
* Can't use WebGL in headless mode (https://bugzil.la/1375585).
JavaScript warning: https://assets.adobedtm.com/launch-EN3a880bf974874c108b13018a591fd8bc.min.js, line 6: Failed to create WebGL context: WebGL creation failed: 
* Can't use WebGL in headless mode (https://bugzil.la/1375585).
JavaScript warning: https://www.yesbank.in/clientlibs/7eeb80808no22172ac63c7989ba802d, line 1: Failed to create WebGL context: WebGL creation failed: 
* Can't use WebGL in headless mode (https://bugzil.la/1375585).
JavaScript error: https://www.yesbank.in/cs/YesBank/js/ybil.js, line 219: TypeError: document.getElementById(...) is null
1615914460697	Marionette	INFO	Stopped listening on port 55659
1615914462902	geckodriver	INFO	Listening on 127.0.0.1:55770
1615914465946	mozrunner::runner	INFO	Running command: "C:\\Program Files\\Mozilla Firefox\\firefox.exe" "--marionette" "-headless" "-foreground" "-no-remote" "-profile" "C:\\Users\\lenovo\\AppData\\Local\\Temp\\rust_mozprofileb0iEw6"
*** You are running in headless mode.
console.warn: SearchSettings: "get: No settings file exists, new profile?" (new Error("", "(unknown module)"))
1615914470440	Marionette	INFO	Listening on port 55778
1615914470722	Marionette	WARN	TLS certificate errors will be ignored for this session
JavaScript warning: https://assets.adobedtm.com/launch-EN3a880bf974874c108b13018a591fd8bc.min.js, line 6: Failed to create WebGL context: WebGL creation failed: 
* Can't use WebGL in headless mode (https://bugzil.la/1375585).
JavaScript warning: https://assets.adobedtm.com/launch-EN3a880bf974874c108b13018a591fd8bc.min.js, line 6: Failed to create WebGL context: WebGL creation failed: 
* Can't use WebGL in headless mode (https://bugzil.la/1375585).
JavaScript warning: https://www.yesbank.in/clientlibs/7eeb80808no22172ac63c7989ba802d, line 1: Failed to create WebGL context: WebGL creation failed: 
* Can't use WebGL in headless mode (https://bugzil.la/1375585).
JavaScript error: https://www.yesbank.in/cs/YesBank/js/ybil.js, line 219: TypeError: document.getElementById(...) is null
1615914478890	Marionette	INFO	Stopped listening on port 55778
1615914481003	geckodriver	INFO	Listening on 127.0.0.1:55895
1615914484055	mozrunner::runner	INFO	Running command: "C:\\Program Files\\Mozilla Firefox\\firefox.exe" "--marionette" "-headless" "-foreground" "-no-remote" "-profile" "C:\\Users\\lenovo\\AppData\\Local\\Temp\\rust_mozprofileP84jjd"
*** You are running in headless mode.
console.warn: SearchSettings: "get: No settings file exists, new profile?" (new Error("", "(unknown module)"))
1615914488724	Marionette	INFO	Listening on port 55903
1615914488861	Marionette	WARN	TLS certificate errors will be ignored for this session
JavaScript warning: https://assets.adobedtm.com/launch-EN3a880bf974874c108b13018a591fd8bc.min.js, line 6: Failed to create WebGL context: WebGL creation failed: 
* Can't use WebGL in headless mode (https://bugzil.la/1375585).
JavaScript warning: https://assets.adobedtm.com/launch-EN3a880bf974874c108b13018a591fd8bc.min.js, line 6: Failed to create WebGL context: WebGL creation failed: 
* Can't use WebGL in headless mode (https://bugzil.la/1375585).
JavaScript warning: https://www.yesbank.in/clientlibs/7eeb80808no22172ac63c7989ba802d, line 1: Failed to create WebGL context: WebGL creation failed: 
* Can't use WebGL in headless mode (https://bugzil.la/1375585).
JavaScript error: https://www.yesbank.in/cs/YesBank/js/ybil.js, line 219: TypeError: document.getElementById(...) is null
1615914495486	Marionette	INFO	Stopped listening on port 55903
1615914497669	geckodriver	INFO	Listening on 127.0.0.1:56016
1615914500701	mozrunner::runner	INFO	Running command: "C:\\Program Files\\Mozilla Firefox\\firefox.exe" "--marionette" "-headless" "-foreground" "-no-remote" "-profile" "C:\\Users\\lenovo\\AppData\\Local\\Temp\\rust_mozprofileAiUGwZ"
*** You are running in headless mode.
console.warn: SearchSettings: "get: No settings file exists, new profile?" (new Error("", "(unknown module)"))
1615914505310	Marionette	INFO	Listening on port 56024
1615914505491	Marionette	WARN	TLS certificate errors will be ignored for this session
JavaScript warning: https://assets.adobedtm.com/launch-EN3a880bf974874c108b13018a591fd8bc.min.js, line 6: Failed to create WebGL context: WebGL creation failed: 
* Can't use WebGL in headless mode (https://bugzil.la/1375585).
JavaScript warning: https://assets.adobedtm.com/launch-EN3a880bf974874c108b13018a591fd8bc.min.js, line 6: Failed to create WebGL context: WebGL creation failed: 
* Can't use WebGL in headless mode (https://bugzil.la/1375585).
JavaScript warning: https://www.yesbank.in/clientlibs/7eeb80808no22172ac63c7989ba802d, line 1: Failed to create WebGL context: WebGL creation failed: 
* Can't use WebGL in headless mode (https://bugzil.la/1375585).
JavaScript error: https://www.yesbank.in/cs/YesBank/js/ybil.js, line 219: TypeError: document.getElementById(...) is null
1615914512796	Marionette	INFO	Stopped listening on port 56024
1615914514913	geckodriver	INFO	Listening on 127.0.0.1:56141
1615914517963	mozrunner::runner	INFO	Running command: "C:\\Program Files\\Mozilla Firefox\\firefox.exe" "--marionette" "-headless" "-foreground" "-no-remote" "-profile" "C:\\Users\\lenovo\\AppData\\Local\\Temp\\rust_mozprofilepC814C"
*** You are running in headless mode.
console.warn: SearchSettings: "get: No settings file exists, new profile?" (new Error("", "(unknown module)"))
1615914522651	Marionette	INFO	Listening on port 56149
1615914522747	Marionette	WARN	TLS certificate errors will be ignored for this session
JavaScript warning: https://assets.adobedtm.com/launch-EN3a880bf974874c108b13018a591fd8bc.min.js, line 6: Failed to create WebGL context: WebGL creation failed: 
* Can't use WebGL in headless mode (https://bugzil.la/1375585).
JavaScript warning: https://assets.adobedtm.com/launch-EN3a880bf974874c108b13018a591fd8bc.min.js, line 6: Failed to create WebGL context: WebGL creation failed: 
* Can't use WebGL in headless mode (https://bugzil.la/1375585).
JavaScript warning: https://www.yesbank.in/clientlibs/7eeb80808no22172ac63c7989ba802d, line 1: Failed to create WebGL context: WebGL creation failed: 
* Can't use WebGL in headless mode (https://bugzil.la/1375585).
JavaScript error: https://www.yesbank.in/cs/YesBank/js/ybil.js, line 219: TypeError: document.getElementById(...) is null
1615914529700	Marionette	INFO	Stopped listening on port 56149
